<?xml version="1.0" encoding="UTF-8"?>
<!-- Generated by org.testng.reporters.JUnitReportReporter -->
<testsuite skipped="0" hostname="RakSan-HP32" name="com.framework.Package.tests.SmokeTest" tests="5" failures="0" timestamp="23 Jan 2018 09:21:01 GMT" time="121.466" errors="0">
  <testcase name="forgotPasswordFunc" time="38.012" classname="com.framework.Package.tests.SmokeTest"/>
  <testcase name="forgotPasswordWithInvalidEmail" time="36.693" classname="com.framework.Package.tests.SmokeTest"/>
  <testcase name="navigateToLoginPageFromForgotPasswordScreen" time="1.566" classname="com.framework.Package.tests.SmokeTest"/>
  <testcase name="loginWithEmptyUsername" time="39.059" classname="com.framework.Package.tests.SmokeTest"/>
  <testcase name="loginFunc" time="6.136" classname="com.framework.Package.tests.SmokeTest"/>
</testsuite> <!-- com.framework.Package.tests.SmokeTest -->
